<?xml version="1.0" encoding="UTF-8"?>
<!-- Generated by org.testng.reporters.JUnitReportReporter -->
<testsuite hostname="DESKTOP-8CVRHOU" failures="0" tests="1" name="org.QAfoxproject.WishList.WishListTest" time="5.192" errors="0" timestamp="2025-01-09T16:59:19 IST" skipped="0">
  <testcase classname="org.QAfoxproject.WishList.WishListTest" name="clickWish_List" time="5.192"/>
  <system-out>
    <![CDATA[clicked_WishList_Button]]>
  </system-out>
</testsuite> <!-- org.QAfoxproject.WishList.WishListTest -->
