<?xml version="1.0" encoding="UTF-8"?>
<!-- Generated by org.testng.reporters.JUnitReportReporter -->
<testsuite hostname="DESKTOP-8CVRHOU" failures="0" tests="2" name="org.QAfoxproject.RegisterAccount.RegisterAccountTest" time="1.683" errors="0" timestamp="2025-01-08T14:19:48 IST" skipped="1">
  <testcase classname="org.QAfoxproject.RegisterAccount.RegisterAccountTest" name="verifywithValidInput" time="1.683"/>
  <system-out>
    <![CDATA[on TestStart....!!
Register Account verifyWith with valid inputs
onTestSuccess...!!]]>
  </system-out>
  <testcase classname="org.QAfoxproject.RegisterAccount.RegisterAccountTest" name="verifyWithINvalidInput">
    <skipped/>
  </testcase> <!-- verifyWithINvalidInput -->
  <system-out/>
</testsuite> <!-- org.QAfoxproject.RegisterAccount.RegisterAccountTest -->
