<?xml version="1.0" encoding="UTF-8"?>
<!-- Generated by org.testng.reporters.JUnitReportReporter -->
<testsuite hostname="DESKTOP-8CVRHOU" failures="0" tests="1" name="org.QAfoxproject.MP3players.Mp3Players_Test18_Test" time="5.495" errors="0" timestamp="2025-01-09T16:59:19 IST" skipped="0">
  <testcase classname="org.QAfoxproject.MP3players.Mp3Players_Test18_Test" name="addProduct_Mp3players_Test_18" time="5.495"/>
  <system-out>
    <![CDATA[Mp3Players_Test_18_Product_Added]]>
  </system-out>
</testsuite> <!-- org.QAfoxproject.MP3players.Mp3Players_Test18_Test -->
