<?xml version="1.0" encoding="UTF-8"?>
<!-- Generated by org.testng.reporters.JUnitReportReporter -->
<testsuite hostname="DESKTOP-8CVRHOU" failures="0" tests="1" name="org.QAfoxproject.ShoppingCart.ShoppingCartTest" time="5.796" errors="0" timestamp="2025-01-22T11:25:04 IST" skipped="0">
  <testcase classname="org.QAfoxproject.ShoppingCart.ShoppingCartTest" name="clickShoppingcart" time="5.796"/>
  <system-out>
    <![CDATA[clicked_Shopping_cart]]>
  </system-out>
</testsuite> <!-- org.QAfoxproject.ShoppingCart.ShoppingCartTest -->
