<?xml version="1.0" encoding="UTF-8"?>
<!-- Generated by org.testng.reporters.JUnitReportReporter -->
<testsuite hostname="DESKTOP-8CVRHOU" failures="0" tests="1" name="org.QAfoxproject.CheckOut.CheckoutTest" time="5.254" errors="0" timestamp="2025-01-09T16:59:19 IST" skipped="0">
  <testcase classname="org.QAfoxproject.CheckOut.CheckoutTest" name="click_CheckOut" time="5.254"/>
  <system-out>
    <![CDATA[clicked_CheckOut_Button]]>
  </system-out>
</testsuite> <!-- org.QAfoxproject.CheckOut.CheckoutTest -->
