<?xml version="1.0" encoding="UTF-8"?>
<!-- Generated by org.testng.reporters.JUnitReportReporter -->
<testsuite hostname="DESKTOP-8CVRHOU" failures="0" tests="1" name="org.QAfoxproject.Desktops.Desktops_PC_Test" time="0.000" errors="0" timestamp="2025-01-10T13:55:21 IST" skipped="1">
  <testcase classname="org.QAfoxproject.Desktops.Desktops_PC_Test" name="addProduct_Desktops_PC_Test" time="0.000">
    <skipped/>
  </testcase> <!-- addProduct_Desktops_PC_Test -->
  <system-out>
    <![CDATA[onTestSkipped....!!
onFinish...!!]]>
  </system-out>
</testsuite> <!-- org.QAfoxproject.Desktops.Desktops_PC_Test -->
