<?xml version="1.0" encoding="UTF-8"?>
<!-- Generated by org.testng.reporters.JUnitReportReporter -->
<testsuite hostname="DESKTOP-8CVRHOU" failures="0" tests="1" name="org.QAfoxproject.Compenents.Components_MiceAndTrackballs_Test" time="5.360" errors="0" timestamp="2025-01-09T16:59:19 IST" skipped="0">
  <testcase classname="org.QAfoxproject.Compenents.Components_MiceAndTrackballs_Test" name="addProduct_MiceAndTrackballs" time="5.360"/>
  <system-out>
    <![CDATA[MiceAndBalls Product Added]]>
  </system-out>
</testsuite> <!-- org.QAfoxproject.Compenents.Components_MiceAndTrackballs_Test -->
