<?xml version="1.0" encoding="UTF-8"?>
<!-- Generated by org.testng.reporters.JUnitReportReporter -->
<testsuite hostname="DESKTOP-8CVRHOU" failures="0" tests="1" name="org.QAfoxproject.Desktops.Desktops_Mac_Test" time="3.656" errors="0" timestamp="2025-01-22T20:25:04 IST" skipped="0">
  <testcase classname="org.QAfoxproject.Desktops.Desktops_Mac_Test" name="addProduct_Desktops_Mac_Test" time="3.656"/>
  <system-out>
    <![CDATA[Imac Product Clicked
Mac product Added]]>
  </system-out>
</testsuite> <!-- org.QAfoxproject.Desktops.Desktops_Mac_Test -->
