<?xml version="1.0" encoding="UTF-8"?>
<!-- Generated by org.testng.reporters.JUnitReportReporter -->
<testsuite hostname="DESKTOP-8CVRHOU" failures="0" tests="1" name="org.QAfoxproject.Compenents.Components_Printers_Test" time="4.920" errors="0" timestamp="2025-01-09T16:59:19 IST" skipped="0">
  <testcase classname="org.QAfoxproject.Compenents.Components_Printers_Test" name="addProduct_Printers" time="4.920"/>
  <system-out>
    <![CDATA[Printers_Product_added]]>
  </system-out>
</testsuite> <!-- org.QAfoxproject.Compenents.Components_Printers_Test -->
