<?xml version="1.0" encoding="UTF-8"?>
<!-- Generated by org.testng.reporters.JUnitReportReporter -->
<testsuite hostname="DESKTOP-8CVRHOU" failures="0" tests="1" name="Demo_ShoppingCart.Demo_Shopping_Cart_Test" time="11.587" errors="0" timestamp="2025-01-29T12:03:04 IST" skipped="0">
  <testcase classname="Demo_ShoppingCart.Demo_Shopping_Cart_Test" name="addQuantity" time="11.587"/>
  <system-out/>
</testsuite> <!-- Demo_ShoppingCart.Demo_Shopping_Cart_Test -->
