<?xml version="1.0" encoding="UTF-8"?>
<!-- Generated by org.testng.reporters.JUnitReportReporter -->
<testsuite hostname="DESKTOP-8CVRHOU" failures="0" tests="1" name="Demo.DemoTask" time="1.352" errors="0" timestamp="2025-01-10T13:03:37 IST" skipped="0">
  <testcase classname="Demo.DemoTask" name="demoTask1" time="1.352"/>
  <system-out/>
</testsuite> <!-- Demo.DemoTask -->
