<?xml version="1.0" encoding="UTF-8"?>
<!-- Generated by org.testng.reporters.JUnitReportReporter -->
<testsuite hostname="DESKTOP-8CVRHOU" failures="0" tests="1" name="org.QAfoxproject.Compenents.Components_Monitors_Test" time="4.603" errors="0" timestamp="2025-01-09T16:59:19 IST" skipped="0">
  <testcase classname="org.QAfoxproject.Compenents.Components_Monitors_Test" name="addProduct_Monitors" time="4.603"/>
  <system-out>
    <![CDATA[Monitors Product Added]]>
  </system-out>
</testsuite> <!-- org.QAfoxproject.Compenents.Components_Monitors_Test -->
