<?xml version="1.0" encoding="UTF-8"?>
<!-- Generated by org.testng.reporters.JUnitReportReporter -->
<testsuite hostname="DESKTOP-8CVRHOU" failures="0" tests="1" name="Demo_ShoppingCart.Demo_Shopping_Cart_Test" time="6.898" errors="0" timestamp="2025-01-28T12:19:58 IST" skipped="0">
  <testcase classname="Demo_ShoppingCart.Demo_Shopping_Cart_Test" name="addQuantity" time="6.898"/>
  <system-out/>
</testsuite> <!-- Demo_ShoppingCart.Demo_Shopping_Cart_Test -->
